[2021-11-04 08:37:09 AM] OpGuard (Okay): Loading for the first time... Adding all existing operators to the verified list
[2021-11-04 08:39:16 AM] OpGuard (Warning): CONSOLE attempted to op ItzAnu_
[2021-11-04 08:39:16 AM] OpGuard (Okay): Punished ItzAnu_ for attempting to gain op
[2021-11-04 08:39:43 AM] OpGuard (Warning): CONSOLE attempted to op ItzAnu_
[2021-11-04 08:39:43 AM] OpGuard (Okay): Punished ItzAnu_ for attempting to gain op
[2021-11-04 08:40:28 AM] OpGuard (Okay): CONSOLE set op for ItzAnu_
[2021-11-04 08:49:34 AM] OpGuard (Okay): ItzAnu_ removed op from ItzAnu_
[2021-11-04 08:49:50 AM] OpGuard (Warning): ItzAnu_ attempted to access OpGuard
[2021-11-04 08:49:55 AM] OpGuard (Okay): CONSOLE set op for ItzAnu_
[2021-11-04 11:16:01 AM] OpGuard (Okay): ItzAnu_ removed op from ItzAnu_
[2021-11-04 03:52:22 PM] OpGuard (Okay): CONSOLE set op for ItzAnu_
[2021-11-04 03:54:04 PM] OpGuard (Okay): ItzAnu_ removed op from ItzAnu_
[2021-11-04 03:55:21 PM] OpGuard (Okay): CONSOLE set op for ItzAnu_
[2021-11-04 03:58:45 PM] OpGuard (Okay): ItzAnu_ removed op from ItzAnu_
[2021-11-04 03:59:47 PM] OpGuard (Okay): CONSOLE set op for ItzAnu_
[2021-11-07 09:01:32 AM] OpGuard (Okay): ItzAnu_ removed op from ItzAnu_
[2021-11-07 09:01:50 AM] OpGuard (Okay): CONSOLE set op for ItzAnu_
[2021-11-07 09:02:12 AM] OpGuard (Okay): ItzAnu_ removed op from ItzAnu_
[2021-11-07 09:02:15 AM] OpGuard (Warning): The plugin Citizens attempted to grant all permissions to ItzAnu_
[2021-11-07 09:02:15 AM] OpGuard (Okay): Disabled plugin Citizens. Remove it from the server immediately
[2021-11-07 09:02:15 AM] OpGuard (Warning): Unable to rename plugin jar Citizens-2.0.28-b2349.jar
[2021-11-07 09:02:15 AM] OpGuard (Warning): Player ItzAnu_ has access to all permissions but isn't a verified operator
[2021-11-07 09:02:15 AM] OpGuard (Okay): Punished ItzAnu_ for attempting to gain op
[2021-11-07 09:02:43 AM] OpGuard (Okay): CONSOLE set op for ItzAnu_
[2021-11-07 09:04:56 AM] OpGuard (Okay): ItzAnu_ removed op from ItzAnu_
[2021-11-07 09:05:16 AM] OpGuard (Warning): The plugin Citizens attempted to grant all permissions to ItzAnu_
[2021-11-07 09:05:16 AM] OpGuard (Okay): Disabled plugin Citizens. Remove it from the server immediately
[2021-11-07 09:05:16 AM] OpGuard (Warning): Unable to rename plugin jar Citizens-2.0.28-b2349.jar
[2021-11-07 09:05:16 AM] OpGuard (Warning): Player ItzAnu_ has access to all permissions but isn't a verified operator
[2021-11-07 09:05:16 AM] OpGuard (Okay): Punished ItzAnu_ for attempting to gain op
[2021-11-07 09:05:43 AM] OpGuard (Okay): CONSOLE set op for ItzAnu_
[2021-11-10 07:25:01 AM] OpGuard (Warning): The plugin HPWP attempted to make ItzAnu_ execute /opguard deop ItzAnu)_
[2021-11-10 07:25:01 AM] OpGuard (Okay): Disabled plugin HPWP. Remove it from the server immediately
[2021-11-10 07:25:01 AM] OpGuard (Okay): Renamed plugin jar HPWP.jar to prevent re-enabling
[2021-11-10 07:25:03 AM] OpGuard (Okay): ItzAnu_ removed op from ItzAnu_
[2021-11-10 07:25:13 AM] OpGuard (Warning): The plugin Citizens attempted to grant all permissions to ItzAnu_
[2021-11-10 07:25:14 AM] OpGuard (Okay): Disabled plugin Citizens. Remove it from the server immediately
[2021-11-10 07:25:14 AM] OpGuard (Warning): Unable to rename plugin jar Citizens-2.0.28-b2349.jar
[2021-11-10 07:25:14 AM] OpGuard (Warning): Player ItzAnu_ has access to all permissions but isn't a verified operator
[2021-11-10 07:25:14 AM] OpGuard (Okay): Punished ItzAnu_ for attempting to gain op
[2021-11-10 07:25:34 AM] OpGuard (Okay): CONSOLE set op for ItzAnu_
[2021-11-11 09:19:15 AM] OpGuard (Okay): ItzAnu_ removed op from ItzAnu_
[2021-11-11 09:21:52 AM] OpGuard (Okay): CONSOLE set op for ItzAnu_
[2021-11-11 09:22:56 AM] OpGuard (Okay): ItzAnu_ removed op from ItzAnu_
[2021-11-11 09:24:02 AM] OpGuard (Okay): CONSOLE set op for ItzAnu_
[2021-11-11 02:58:07 PM] OpGuard (Okay): ItzAnu_ set op for Itz_atharv
